INFO: 2018-12-27 08:12:27: <F#>manage.py:<L#>29 * <Thread>140669521041216 #> logging starts
INFO: 2018-12-27 08:12:27: <F#>manage.py:<L#>29 * <Thread>140669521041216 #> logging starts
INFO: 2018-12-27 08:12:27: <F#>manage.py:<L#>29 * <Thread>140669521041216 #> logging starts
INFO: 2018-12-27 08:12:27: <F#>frun.py:<L#>10 * <Thread>140669521041216 #> logging starts
INFO: 2018-12-27 08:12:27: <F#>manage.py:<L#>29 * <Thread>140669521041216 #> logging starts
INFO: 2018-12-27 08:12:27: <F#>frun.py:<L#>10 * <Thread>140669521041216 #> logging starts
INFO: 2018-12-27 08:12:27: <F#>frun.py:<L#>10 * <Thread>140669521041216 #> logging starts
INFO: 2018-12-27 08:12:27: <F#>frun.py:<L#>10 * <Thread>140669521041216 #> logging starts
INFO: 2018-12-27 08:13:32: <F#>manage.py:<L#>29 * <Thread>140347852879680 #> logging starts
INFO: 2018-12-27 08:13:32: <F#>frun.py:<L#>10 * <Thread>140347852879680 #> logging starts
INFO: 2018-12-27 08:13:32: <F#>manage.py:<L#>29 * <Thread>140347852879680 #> logging starts
INFO: 2018-12-27 08:13:32: <F#>manage.py:<L#>29 * <Thread>140347852879680 #> logging starts
INFO: 2018-12-27 08:13:32: <F#>frun.py:<L#>10 * <Thread>140347852879680 #> logging starts
INFO: 2018-12-27 08:13:32: <F#>frun.py:<L#>10 * <Thread>140347852879680 #> logging starts
INFO: 2018-12-27 08:13:32: <F#>manage.py:<L#>29 * <Thread>140347852879680 #> logging starts
INFO: 2018-12-27 08:13:32: <F#>frun.py:<L#>10 * <Thread>140347852879680 #> logging starts
INFO: 2018-12-27 08:13:32: <F#>manage.py:<L#>29 * <Thread>139833457157952 #> logging starts
INFO: 2018-12-27 08:13:33: <F#>brun.py:<L#>21 * <Thread>139833457157952 #> logging starts
WARNING: 2018-12-27 08:17:33: <F#>events.py:<L#>621 * <Thread>139833457157952 #> Delete Shell Fileafter.sh failed!
INFO: 2018-12-27 08:19:11: <F#>resource.py:<L#>44 * <Thread>140347852879680 #> Start execute command
INFO: 2018-12-27 08:19:17: <F#>resource.py:<L#>44 * <Thread>140347852879680 #> Start execute command
WARNING: 2018-12-27 08:19:17: <F#>resource.py:<L#>44 * <Thread>140347852879680 #> Failed to execute [u'/baas/static/uploads/bp3.sh', u'-host=string', u'-port=string']
WARNING: 2018-12-27 08:19:17: <F#>resource.py:<L#>44 * <Thread>140347852879680 #> [Errno 8] Exec format error
INFO: 2018-12-27 08:20:11: <F#>resource.py:<L#>44 * <Thread>140347852879680 #> Start execute command
INFO: 2018-12-27 08:20:14: <F#>resource.py:<L#>44 * <Thread>140347852879680 #> Start execute command
INFO: 2018-12-27 08:20:15: <F#>resource.py:<L#>44 * <Thread>140347852879680 #> Start execute command
INFO: 2018-12-27 08:20:15: <F#>resource.py:<L#>44 * <Thread>140347852879680 #> Start execute command
INFO: 2018-12-27 08:20:15: <F#>resource.py:<L#>44 * <Thread>140347852879680 #> Start execute command
INFO: 2018-12-27 08:20:15: <F#>resource.py:<L#>44 * <Thread>140347852879680 #> Start execute command
INFO: 2018-12-27 08:20:16: <F#>resource.py:<L#>44 * <Thread>140347852879680 #> Start execute command
INFO: 2018-12-27 08:20:16: <F#>resource.py:<L#>44 * <Thread>140347852879680 #> Start execute command
INFO: 2018-12-27 08:20:22: <F#>resource.py:<L#>44 * <Thread>140347852879680 #> Start execute command
INFO: 2018-12-27 08:21:42: <F#>resource.py:<L#>44 * <Thread>140347852879680 #> Start execute command
WARNING: 2018-12-27 08:21:42: <F#>resource.py:<L#>44 * <Thread>140347852879680 #> Failed to execute [u'/baas/static/uploads/check_client', u'-host=string', u'-port=string']
WARNING: 2018-12-27 08:21:42: <F#>resource.py:<L#>44 * <Thread>140347852879680 #> [Errno 13] Permission denied
INFO: 2018-12-27 08:21:58: <F#>resource.py:<L#>44 * <Thread>140347852879680 #> Start execute command
